<?xml version="1.0" encoding="UTF-8"?>
<!-- Generated by org.testng.reporters.JUnitXMLReporter -->
<testsuite ignored="0" hostname="Kanimozhi" failures="1" tests="1" name="Test" time="1.401" errors="0" timestamp="2023-10-06T13:00:31 IST">
  <testcase classname="com.Runnerclass.NewTest001" name="PersonDetails" time="0.361">
    <failure type="java.lang.AssertionError" message="expected [jik] but found [Register Account]">
      <![CDATA[java.lang.AssertionError: expected [jik] but found [Register Account]
at com.Runnerclass.NewTest001.PersonDetails(NewTest001.java:27)
at java.base/java.util.ArrayList.forEach(ArrayList.java:1511)
... Removed 33 stack frames]]>
    </failure>
  </testcase> <!-- PersonDetails -->
</testsuite> <!-- Test -->
