<?xml version="1.0" encoding="UTF-8"?>
<!-- Generated by org.testng.reporters.JUnitXMLReporter -->
<testsuite ignored="3" hostname="Kanimozhi" failures="0" tests="4" name="Test" time="10.264" errors="0" timestamp="04 Oct 2023 08:19:46 GMT">
  <testcase classname="com.Runnerclass.NewTest001" name="PersonDetails" time="1.62"/>
  <testcase classname="com.Runnerclass.Runnerclass" name="validateTheHomePage" time="4.885"/>
  <testcase classname="com.Runnerclass.Runnerclass" name="signup" time="0.98"/>
  <testcase classname="com.Runnerclass.Runnerclass" name="proceed" time="0.967"/>
  <testcase classname="com.Runnerclass.Runnerclass" name="password" time="0.0">
    <ignored/>
  </testcase> <!-- password -->
  <testcase classname="com.Runnerclass.Runnerclass" name="termsAndCondition" time="0.0">
    <ignored/>
  </testcase> <!-- termsAndCondition -->
  <testcase classname="com.Runnerclass.Runnerclass" name="register" time="0.0">
    <ignored/>
  </testcase> <!-- register -->
</testsuite> <!-- Test -->
